2024-05-07T07:50:09.103Z - INFO: Server has started on port 3000
2024-05-07T07:50:12.989Z - INFO: IPv6: ::1 - Method: GET - URL: / - Status: 200 - Content-Length: 4169 - Response-Time: 70.132 ms
2024-05-07T07:50:13.073Z - INFO: IPv6: ::1 - Method: GET - URL: /img/logo_darkblue.svg - Status: 200 - Content-Length: 1614 - Response-Time: 14.296 ms
2024-05-07T07:50:13.076Z - INFO: IPv6: ::1 - Method: GET - URL: /css/styles.css - Status: 200 - Content-Length: 5085 - Response-Time: 9.448 ms
2024-05-07T07:50:13.082Z - INFO: IPv6: ::1 - Method: GET - URL: /img/bars-solid.svg - Status: 304 - Content-Length: undefined - Response-Time: 9.477 ms
2024-05-07T07:50:13.193Z - INFO: IPv6: ::1 - Method: GET - URL: /img/logo_white.svg - Status: 304 - Content-Length: undefined - Response-Time: 3.202 ms
2024-05-07T07:50:13.198Z - INFO: IPv6: ::1 - Method: GET - URL: /img/chalkboard-user-solid.svg - Status: 200 - Content-Length: 582 - Response-Time: 8.033 ms
2024-05-07T07:50:13.201Z - INFO: IPv6: ::1 - Method: GET - URL: /img/pen-ruler-solid.svg - Status: 200 - Content-Length: 1021 - Response-Time: 9.776 ms
2024-05-07T07:50:13.281Z - INFO: IPv6: ::1 - Method: GET - URL: /img/banner.png - Status: 200 - Content-Length: 3134295 - Response-Time: 1.440 ms
2024-05-07T07:50:13.764Z - INFO: IPv6: ::1 - Method: GET - URL: /img/logo_primary.svg - Status: 200 - Content-Length: 1614 - Response-Time: 3.741 ms
2024-05-07T07:50:17.221Z - INFO: IPv6: ::1 - Method: GET - URL: /privat - Status: 200 - Content-Length: 8321 - Response-Time: 40.789 ms
2024-05-07T07:50:17.267Z - INFO: IPv6: ::1 - Method: GET - URL: /css/styles.css - Status: 304 - Content-Length: undefined - Response-Time: 5.793 ms
2024-05-07T07:50:17.269Z - INFO: IPv6: ::1 - Method: GET - URL: /img/logo_darkblue.svg - Status: 304 - Content-Length: undefined - Response-Time: 6.666 ms
2024-05-07T07:50:17.270Z - INFO: IPv6: ::1 - Method: GET - URL: /img/bars-solid.svg - Status: 304 - Content-Length: undefined - Response-Time: 6.935 ms
2024-05-07T07:50:17.276Z - INFO: IPv6: ::1 - Method: GET - URL: /img/banner.png - Status: 304 - Content-Length: undefined - Response-Time: 2.611 ms
2024-05-07T07:50:17.278Z - INFO: IPv6: ::1 - Method: GET - URL: /img/logo_white.svg - Status: 304 - Content-Length: undefined - Response-Time: 3.065 ms
2024-05-07T07:50:17.399Z - INFO: IPv6: ::1 - Method: GET - URL: /favicon.ico - Status: 304 - Content-Length: undefined - Response-Time: 6.571 ms
2024-05-07T07:50:25.126Z - INFO: IPv6: ::1 - Method: GET - URL: /registrer - Status: 200 - Content-Length: 1388 - Response-Time: 6.126 ms
2024-05-07T07:50:25.274Z - INFO: IPv6: ::1 - Method: GET - URL: /favicon.ico - Status: 304 - Content-Length: undefined - Response-Time: 3.525 ms
2024-05-07T07:50:43.450Z - INFO: IPv6: ::1 - Method: POST - URL: /registrer - Status: 302 - Content-Length: 56 - Response-Time: 159.625 ms
2024-05-07T07:50:43.458Z - INFO: IPv6: ::1 - Method: GET - URL: /login - Status: 304 - Content-Length: undefined - Response-Time: 3.321 ms
2024-05-07T07:50:43.588Z - INFO: IPv6: ::1 - Method: GET - URL: /favicon.ico - Status: 304 - Content-Length: undefined - Response-Time: 1.834 ms
2024-05-07T07:50:48.365Z - INFO: IPv6: ::1 - Method: POST - URL: /login - Status: 302 - Content-Length: 64 - Response-Time: 98.714 ms
2024-05-07T07:50:48.448Z - INFO: IPv6: ::1 - Method: GET - URL: /dashboard - Status: 200 - Content-Length: 4580 - Response-Time: 77.359 ms
2024-05-07T07:50:48.480Z - INFO: IPv6: ::1 - Method: GET - URL: /css/styles.css - Status: 304 - Content-Length: undefined - Response-Time: 0.922 ms
2024-05-07T07:50:48.504Z - INFO: IPv6: ::1 - Method: GET - URL: /img/pen-to-square-solid.svg - Status: 304 - Content-Length: undefined - Response-Time: 5.869 ms
2024-05-07T07:50:48.506Z - INFO: IPv6: ::1 - Method: GET - URL: /img/circle-plus-solid.svg - Status: 304 - Content-Length: undefined - Response-Time: 8.036 ms
2024-05-07T07:50:48.510Z - INFO: IPv6: ::1 - Method: GET - URL: /img/trash-can-solid.svg - Status: 304 - Content-Length: undefined - Response-Time: 2.526 ms
2024-05-07T07:50:48.606Z - INFO: IPv6: ::1 - Method: GET - URL: /favicon.ico - Status: 304 - Content-Length: undefined - Response-Time: 3.841 ms
2024-05-07T07:50:59.711Z - INFO: IPv6: ::1 - Method: GET - URL: /registrer - Status: 200 - Content-Length: 1388 - Response-Time: 3.062 ms
2024-05-07T07:50:59.833Z - INFO: IPv6: ::1 - Method: GET - URL: /favicon.ico - Status: 304 - Content-Length: undefined - Response-Time: 1.701 ms
2024-05-07T07:51:05.203Z - INFO: IPv6: ::1 - Method: POST - URL: /registrer - Status: 302 - Content-Length: 64 - Response-Time: 27.926 ms
2024-05-07T07:51:05.209Z - INFO: IPv6: ::1 - Method: GET - URL: /registrer - Status: 200 - Content-Length: 1450 - Response-Time: 1.774 ms
2024-05-07T07:51:05.319Z - INFO: IPv6: ::1 - Method: GET - URL: /favicon.ico - Status: 304 - Content-Length: undefined - Response-Time: 1.220 ms
2024-05-07T07:51:28.537Z - INFO: IPv6: ::1 - Method: POST - URL: /registrer - Status: 302 - Content-Length: 64 - Response-Time: 2.094 ms
2024-05-07T07:51:28.542Z - INFO: IPv6: ::1 - Method: GET - URL: /registrer - Status: 200 - Content-Length: 1453 - Response-Time: 2.003 ms
2024-05-07T07:51:28.659Z - INFO: IPv6: ::1 - Method: GET - URL: /favicon.ico - Status: 304 - Content-Length: undefined - Response-Time: 1.230 ms
2024-05-07T07:51:43.976Z - INFO: IPv6: ::1 - Method: POST - URL: /registrer - Status: 302 - Content-Length: 56 - Response-Time: 131.803 ms
2024-05-07T07:51:43.982Z - INFO: IPv6: ::1 - Method: GET - URL: /login - Status: 200 - Content-Length: 640 - Response-Time: 1.996 ms
2024-05-07T07:51:44.097Z - INFO: IPv6: ::1 - Method: GET - URL: /favicon.ico - Status: 304 - Content-Length: undefined - Response-Time: 1.369 ms
2024-05-07T07:52:44.477Z - INFO: IPv6: ::1 - Method: GET - URL: /registrer - Status: 200 - Content-Length: 1388 - Response-Time: 2.068 ms
2024-05-07T07:52:44.605Z - INFO: IPv6: ::1 - Method: GET - URL: /favicon.ico - Status: 304 - Content-Length: undefined - Response-Time: 3.169 ms
2024-05-07T07:53:09.989Z - INFO: IPv6: ::1 - Method: POST - URL: /registrer - Status: 302 - Content-Length: 64 - Response-Time: 3.241 ms
2024-05-07T07:53:09.995Z - INFO: IPv6: ::1 - Method: GET - URL: /registrer - Status: 200 - Content-Length: 1473 - Response-Time: 1.976 ms
2024-05-07T07:53:10.109Z - INFO: IPv6: ::1 - Method: GET - URL: /favicon.ico - Status: 304 - Content-Length: undefined - Response-Time: 1.659 ms
2024-05-07T07:53:17.699Z - INFO: IPv6: ::1 - Method: GET - URL: /favicon.ico - Status: 304 - Content-Length: undefined - Response-Time: 0.999 ms
2024-05-07T07:53:18.258Z - INFO: IPv6: ::1 - Method: GET - URL: /favicon.ico - Status: 304 - Content-Length: undefined - Response-Time: 2.521 ms
2024-05-07T07:53:20.747Z - INFO: IPv6: ::1 - Method: GET - URL: /login - Status: 304 - Content-Length: undefined - Response-Time: 2.977 ms
2024-05-07T07:53:20.866Z - INFO: IPv6: ::1 - Method: GET - URL: /favicon.ico - Status: 304 - Content-Length: undefined - Response-Time: 1.034 ms
2024-05-07T07:53:27.999Z - INFO: IPv6: ::1 - Method: POST - URL: /login - Status: 302 - Content-Length: 56 - Response-Time: 98.366 ms
2024-05-07T07:53:28.005Z - INFO: IPv6: ::1 - Method: GET - URL: /login - Status: 200 - Content-Length: 702 - Response-Time: 1.676 ms
2024-05-07T07:53:28.106Z - INFO: IPv6: ::1 - Method: GET - URL: /favicon.ico - Status: 304 - Content-Length: undefined - Response-Time: 1.940 ms
2024-05-07T07:53:33.005Z - INFO: IPv6: ::1 - Method: POST - URL: /login - Status: 302 - Content-Length: 56 - Response-Time: 26.979 ms
2024-05-07T07:53:33.011Z - INFO: IPv6: ::1 - Method: GET - URL: /login - Status: 200 - Content-Length: 702 - Response-Time: 1.940 ms
2024-05-07T07:53:33.113Z - INFO: IPv6: ::1 - Method: GET - URL: /favicon.ico - Status: 304 - Content-Length: undefined - Response-Time: 1.144 ms
