2024-05-08T11:08:17.813Z - ERROR: Error: 500 - Message: (Unauthorized) not authorized on admin to execute command { find: "fs.files", filter: { _id: ObjectID("663b5d21c6f28d50f8f806b6") }, limit: 1, singleBatch: true, batchSize: 1 } - URL: /add-course - Method: POST - IP: ::1
2024-05-08T11:11:27.699Z - ERROR: Error: 500 - Message: (Unauthorized) not authorized on admin to execute command { find: "fs.files", filter: { _id: ObjectID("663b5ddf9799cbac30981f8e") }, limit: 1, singleBatch: true, batchSize: 1 } - URL: /add-course - Method: POST - IP: ::1
2024-05-08T11:11:48.684Z - ERROR: Error: 500 - Message: (Unauthorized) not authorized on admin to execute command { find: "fs.files", filter: { _id: ObjectID("663b5df49799cbac30981f8f") }, limit: 1, singleBatch: true, batchSize: 1 } - URL: /add-course - Method: POST - IP: ::1
2024-05-08T11:20:35.488Z - ERROR: Error: 500 - Message: (Unauthorized) not authorized on admin to execute command { find: "fs.files", filter: { _id: ObjectID("663b600350e4eb5cc015f5b6") }, limit: 1, singleBatch: true, batchSize: 1 } - URL: /add-course - Method: POST - IP: ::1
2024-05-08T11:27:43.864Z - ERROR: Error: 500 - Message: (Unauthorized) not authorized on admin to execute command { find: "fs.files", filter: { _id: ObjectID("663b61af5e2361893416c1e9") }, limit: 1, singleBatch: true, batchSize: 1 } - URL: /add-course - Method: POST - IP: ::1
2024-05-12T10:03:10.825Z - ERROR: Error: 500 - Message: Unexpected field - URL: /add-course - Method: POST - IP: ::1
2024-05-12T10:03:31.529Z - ERROR: Error: 500 - Message: Unexpected field - URL: /add-course - Method: POST - IP: ::1
2024-05-12T10:14:10.459Z - ERROR: Error: 500 - Message: Unexpected field - URL: /add-course - Method: POST - IP: ::1
2024-05-12T10:58:17.579Z - ERROR: Error: 500 - Message: Unexpected field - URL: /add-course - Method: POST - IP: ::1
2024-05-12T11:09:21.893Z - ERROR: Error: 500 - Message: Unexpected field - URL: /add-course - Method: POST - IP: ::1
2024-05-12T11:11:58.344Z - ERROR: Error: 500 - Message: ENOENT: no such file or directory, open 'E:\Programming\pulssikker\uploads\1715512318340.jpg' - URL: /add-course - Method: POST - IP: ::1
2024-05-13T10:20:41.025Z - ERROR: Error: 500 - Message: 88820000:error:0A000438:SSL routines:ssl3_read_bytes:tlsv1 alert internal error:c:\ws\deps\openssl\openssl\ssl\record\rec_layer_s3.c:1586:SSL alert number 80
 - URL: / - Method: GET - IP: ::ffff:127.0.0.1
2024-05-13T10:21:21.992Z - ERROR: Error: 500 - Message: 88820000:error:0A000438:SSL routines:ssl3_read_bytes:tlsv1 alert internal error:c:\ws\deps\openssl\openssl\ssl\record\rec_layer_s3.c:1586:SSL alert number 80
 - URL: / - Method: GET - IP: ::ffff:127.0.0.1
2024-05-13T14:00:34.851Z - ERROR: Error: 500 - Message: D:\Skole-projekter\pulssikker\src\views\erhverv.ejs:20
    18| <div class="course-list">
    19|     <% courses.forEach(function(course) { %>
 >> 20|         <%- include('courseCard', { course: course }) %>
    21|     <% }); %>
    22| </div>
    23| <%- include('footer') %>

D:\Skole-projekter\pulssikker\src\views\courseCard.ejs:55
    53|   </div>
    54| </div>
 >> 55| <script nonce="<%= nonce %>">
    56|   function confirmOrder(event, courseId) {
    57|     event.preventDefault();
    58|     const form = document.getElementById("form" + courseId);

nonce is not defined - URL: /erhverv - Method: GET - IP: ::1
2024-05-13T20:52:10.764Z - ERROR: Error: 500 - Message: D:\Skole-projekter\pulssikker\src\views\erhverv.ejs:20
    18| <div class="course-list">
    19|     <% courses.forEach(function(course) { %>
 >> 20|         <%- include('courseCard', { course: course }) %>
    21|     <% }); %>
    22| </div>
    23| <%- include('footer') %>

D:\Skole-projekter\pulssikker\src\views\courseCard.ejs:55
    53|   </div>
    54| </div>
 >> 55| <script nonce="<%= res.locals.nonce %>">
    56|   function confirmOrder(event, courseId) {
    57|     event.preventDefault();
    58|     const form = document.getElementById("form" + courseId);

res is not defined - URL: /erhverv - Method: GET - IP: ::1
2024-05-13T20:52:13.472Z - ERROR: Error: 500 - Message: D:\Skole-projekter\pulssikker\src\views\privat.ejs:20
    18| <div class="course-list">
    19|     <% courses.forEach(function(course) { %>
 >> 20|         <%- include('courseCard', { course: course }) %>
    21|     <% }); %>
    22| </div>
    23| <%- include('footer') %>

D:\Skole-projekter\pulssikker\src\views\courseCard.ejs:55
    53|   </div>
    54| </div>
 >> 55| <script nonce="<%= res.locals.nonce %>">
    56|   function confirmOrder(event, courseId) {
    57|     event.preventDefault();
    58|     const form = document.getElementById("form" + courseId);

res is not defined - URL: /privat - Method: GET - IP: ::1
