2024-05-07T10:42:24.802Z - INFO: Server has started on port 3000
2024-05-07T11:09:12.263Z - INFO: Server has started on port 3000
2024-05-07T11:09:17.604Z - INFO: IPv6: ::1 - Method: GET - URL: /dashboard - Status: 302 - Content-Length: 56 - Response-Time: 7.234 ms
2024-05-07T11:09:17.623Z - INFO: IPv6: ::1 - Method: GET - URL: /login - Status: 200 - Content-Length: 640 - Response-Time: 10.391 ms
2024-05-07T11:09:17.821Z - INFO: IPv6: ::1 - Method: GET - URL: /favicon.ico - Status: 304 - Content-Length: undefined - Response-Time: 1.857 ms
2024-05-07T11:09:19.965Z - INFO: IPv6: ::1 - Method: POST - URL: /login - Status: 302 - Content-Length: 64 - Response-Time: 99.948 ms
2024-05-07T11:09:20.052Z - INFO: IPv6: ::1 - Method: GET - URL: /dashboard - Status: 200 - Content-Length: 2890 - Response-Time: 78.770 ms
2024-05-07T11:09:20.107Z - INFO: IPv6: ::1 - Method: GET - URL: /css/styles.css - Status: 304 - Content-Length: undefined - Response-Time: 2.224 ms
2024-05-07T11:09:20.108Z - INFO: IPv6: ::1 - Method: GET - URL: /img/circle-plus-solid.svg - Status: 304 - Content-Length: undefined - Response-Time: 2.247 ms
2024-05-07T11:09:20.109Z - INFO: IPv6: ::1 - Method: GET - URL: /img/pen-to-square-solid.svg - Status: 304 - Content-Length: undefined - Response-Time: 2.603 ms
2024-05-07T11:09:20.191Z - INFO: IPv6: ::1 - Method: GET - URL: /img/trash-can-solid.svg - Status: 304 - Content-Length: undefined - Response-Time: 0.817 ms
2024-05-07T11:09:20.299Z - INFO: IPv6: ::1 - Method: GET - URL: /favicon.ico - Status: 304 - Content-Length: undefined - Response-Time: 0.790 ms
2024-05-07T11:09:21.202Z - INFO: IPv6: ::1 - Method: GET - URL: /add-course - Status: 304 - Content-Length: undefined - Response-Time: 3.734 ms
2024-05-07T11:09:21.473Z - INFO: IPv6: ::1 - Method: GET - URL: /favicon.ico - Status: 304 - Content-Length: undefined - Response-Time: 0.780 ms
2024-05-07T11:14:06.499Z - INFO: Server has started on port 3000
2024-05-07T11:14:11.944Z - INFO: IPv6: ::1 - Method: POST - URL: /add-course - Status: 302 - Content-Length: 64 - Response-Time: 179.543 ms
2024-05-07T11:14:11.980Z - INFO: IPv6: ::1 - Method: GET - URL: /dashboard - Status: 302 - Content-Length: 56 - Response-Time: 3.522 ms
2024-05-07T11:14:11.996Z - INFO: IPv6: ::1 - Method: GET - URL: /login - Status: 200 - Content-Length: 640 - Response-Time: 8.548 ms
2024-05-07T11:14:12.271Z - INFO: IPv6: ::1 - Method: GET - URL: /favicon.ico - Status: 304 - Content-Length: undefined - Response-Time: 1.099 ms
2024-05-07T11:14:14.283Z - INFO: IPv6: ::1 - Method: POST - URL: /login - Status: 302 - Content-Length: 56 - Response-Time: 39.999 ms
2024-05-07T11:14:14.301Z - INFO: IPv6: ::1 - Method: GET - URL: /login - Status: 200 - Content-Length: 702 - Response-Time: 2.624 ms
2024-05-07T11:14:14.496Z - INFO: IPv6: ::1 - Method: GET - URL: /favicon.ico - Status: 304 - Content-Length: undefined - Response-Time: 0.643 ms
2024-05-07T11:14:16.240Z - INFO: IPv6: ::1 - Method: POST - URL: /login - Status: 302 - Content-Length: 64 - Response-Time: 94.382 ms
2024-05-07T11:14:16.328Z - INFO: IPv6: ::1 - Method: GET - URL: /dashboard - Status: 200 - Content-Length: 3224 - Response-Time: 78.736 ms
2024-05-07T11:14:16.387Z - INFO: IPv6: ::1 - Method: GET - URL: /css/styles.css - Status: 304 - Content-Length: undefined - Response-Time: 2.284 ms
2024-05-07T11:14:16.388Z - INFO: IPv6: ::1 - Method: GET - URL: /img/pen-to-square-solid.svg - Status: 304 - Content-Length: undefined - Response-Time: 2.119 ms
2024-05-07T11:14:16.390Z - INFO: IPv6: ::1 - Method: GET - URL: /img/circle-plus-solid.svg - Status: 304 - Content-Length: undefined - Response-Time: 3.046 ms
2024-05-07T11:14:16.451Z - INFO: IPv6: ::1 - Method: GET - URL: /img/trash-can-solid.svg - Status: 304 - Content-Length: undefined - Response-Time: 0.782 ms
2024-05-07T11:14:16.570Z - INFO: IPv6: ::1 - Method: GET - URL: /favicon.ico - Status: 304 - Content-Length: undefined - Response-Time: 0.786 ms
2024-05-07T11:14:19.551Z - INFO: IPv6: ::1 - Method: GET - URL: /edit-course/663a0d036ec6a667103493e9 - Status: 200 - Content-Length: 2295 - Response-Time: 55.300 ms
2024-05-07T11:14:19.805Z - INFO: IPv6: ::1 - Method: GET - URL: /favicon.ico - Status: 304 - Content-Length: undefined - Response-Time: 0.630 ms
2024-05-07T11:14:23.144Z - INFO: IPv6: ::1 - Method: GET - URL: /favicon.ico - Status: 304 - Content-Length: undefined - Response-Time: 0.733 ms
2024-05-07T11:14:23.173Z - INFO: IPv6: ::1 - Method: GET - URL: /css/styles.css - Status: 304 - Content-Length: undefined - Response-Time: 0.882 ms
2024-05-07T11:14:49.780Z - INFO: IPv6: ::1 - Method: GET - URL: /add-course - Status: 200 - Content-Length: 1885 - Response-Time: 2.308 ms
2024-05-07T11:14:50.062Z - INFO: IPv6: ::1 - Method: GET - URL: /favicon.ico - Status: 304 - Content-Length: undefined - Response-Time: 0.489 ms
2024-05-07T11:14:58.210Z - INFO: IPv6: ::1 - Method: POST - URL: /add-course - Status: 302 - Content-Length: 64 - Response-Time: 55.195 ms
2024-05-07T11:14:58.315Z - INFO: IPv6: ::1 - Method: GET - URL: /dashboard - Status: 200 - Content-Length: 3562 - Response-Time: 76.714 ms
2024-05-07T11:14:58.385Z - INFO: IPv6: ::1 - Method: GET - URL: /css/styles.css - Status: 304 - Content-Length: undefined - Response-Time: 0.691 ms
2024-05-07T11:14:58.387Z - INFO: IPv6: ::1 - Method: GET - URL: /img/pen-to-square-solid.svg - Status: 304 - Content-Length: undefined - Response-Time: 0.997 ms
2024-05-07T11:14:58.387Z - INFO: IPv6: ::1 - Method: GET - URL: /img/circle-plus-solid.svg - Status: 304 - Content-Length: undefined - Response-Time: 1.228 ms
2024-05-07T11:14:58.447Z - INFO: IPv6: ::1 - Method: GET - URL: /img/trash-can-solid.svg - Status: 304 - Content-Length: undefined - Response-Time: 1.201 ms
2024-05-07T11:14:58.584Z - INFO: IPv6: ::1 - Method: GET - URL: /favicon.ico - Status: 304 - Content-Length: undefined - Response-Time: 0.639 ms
2024-05-07T11:14:59.705Z - INFO: IPv6: ::1 - Method: GET - URL: /add-course - Status: 200 - Content-Length: 1885 - Response-Time: 1.810 ms
2024-05-07T11:15:00.011Z - INFO: IPv6: ::1 - Method: GET - URL: /favicon.ico - Status: 304 - Content-Length: undefined - Response-Time: 0.603 ms
2024-05-07T11:15:01.970Z - INFO: IPv6: ::1 - Method: GET - URL: /favicon.ico - Status: 304 - Content-Length: undefined - Response-Time: 0.979 ms
2024-05-07T11:15:01.989Z - INFO: IPv6: ::1 - Method: GET - URL: /css/styles.css - Status: 304 - Content-Length: undefined - Response-Time: 0.638 ms
2024-05-07T11:15:03.254Z - INFO: IPv6: ::1 - Method: GET - URL: /edit-course/663a0d326ec6a667103493ea - Status: 200 - Content-Length: 2217 - Response-Time: 54.708 ms
2024-05-07T11:15:03.539Z - INFO: IPv6: ::1 - Method: GET - URL: /favicon.ico - Status: 304 - Content-Length: undefined - Response-Time: 0.454 ms
2024-05-07T11:15:19.429Z - INFO: IPv6: ::1 - Method: POST - URL: /edit-course/663a0d326ec6a667103493ea - Status: 302 - Content-Length: 64 - Response-Time: 2153.763 ms
2024-05-07T11:15:19.539Z - INFO: IPv6: ::1 - Method: GET - URL: /dashboard - Status: 304 - Content-Length: undefined - Response-Time: 76.837 ms
2024-05-07T11:15:19.570Z - INFO: IPv6: ::1 - Method: GET - URL: /css/styles.css - Status: 304 - Content-Length: undefined - Response-Time: 0.594 ms
2024-05-07T11:15:19.574Z - INFO: IPv6: ::1 - Method: GET - URL: /img/circle-plus-solid.svg - Status: 304 - Content-Length: undefined - Response-Time: 0.833 ms
2024-05-07T11:15:19.574Z - INFO: IPv6: ::1 - Method: GET - URL: /img/pen-to-square-solid.svg - Status: 304 - Content-Length: undefined - Response-Time: 1.143 ms
2024-05-07T11:15:19.639Z - INFO: IPv6: ::1 - Method: GET - URL: /img/trash-can-solid.svg - Status: 304 - Content-Length: undefined - Response-Time: 0.472 ms
2024-05-07T11:15:19.711Z - INFO: IPv6: ::1 - Method: GET - URL: /favicon.ico - Status: 304 - Content-Length: undefined - Response-Time: 0.545 ms
2024-05-07T11:15:23.899Z - INFO: IPv6: ::1 - Method: GET - URL: /edit-course/663a0d326ec6a667103493ea - Status: 200 - Content-Length: 2224 - Response-Time: 52.372 ms
2024-05-07T11:15:24.114Z - INFO: IPv6: ::1 - Method: GET - URL: /favicon.ico - Status: 304 - Content-Length: undefined - Response-Time: 0.526 ms
